<!DOCTYPE html PUBLIC "-//W3C//DTD XHTML 1.1//EN" "http://www.w3.org/TR/xhtml11/DTD/xhtml11.dtd">
<html xmlns="http://www.w3.org/1999/xhtml"><head><title>TestNG Report</title><style type="text/css">table {margin-bottom:10px;border-collapse:collapse;empty-cells:show}th,td {border:1px solid #009;padding:.25em .5em}th {vertical-align:bottom}td {vertical-align:top}table a {font-weight:bold}.stripe td {background-color: #E6EBF9}.num {text-align:right}.passedodd td {background-color: #3F3}.passedeven td {background-color: #0A0}.skippedodd td {background-color: #DDD}.skippedeven td {background-color: #CCC}.failedodd td,.attn {background-color: #F33}.failedeven td,.stripe .attn {background-color: #D00}.stacktrace {white-space:pre;font-family:monospace}.totop {font-size:85%;text-align:center;border-bottom:2px solid #000}</style></head><body><table><tr><th>Test</th><th># Passed</th><th># Skipped</th><th># Failed</th><th>Time (ms)</th><th>Included Groups</th><th>Excluded Groups</th></tr><tr><th colspan="7">firstuserexp</th></tr><tr><td><a href="#t0">WithSpouse</a></td><td class="num">0</td><td class="num">0</td><td class="num attn">2</td><td class="num">19,866</td><td></td><td></td></tr></table><table><thead><tr><th>Class</th><th>Method</th><th>Start</th><th>Time (ms)</th></tr></thead><tbody><tr><th colspan="4">firstuserexp</th></tr></tbody><tbody id="t0"><tr><th colspan="4">WithSpouse &#8212; failed</th></tr><tr class="failedeven"><td rowspan="2">com.jiff.newuserwithspouse.tests.NewUserExperienceTest</td><td><a href="#m0">validateNewUserHomePageBeActiveTest</a></td><td rowspan="1">1400852675500</td><td rowspan="1">7181</td></tr><tr class="failedeven"><td><a href="#m1">validateNewUserHomePageFoodTrackTest</a></td><td rowspan="1">1400852682731</td><td rowspan="1">22</td></tr></tbody></table><h2>WithSpouse</h2><h3 id="m0">com.jiff.newuserwithspouse.tests.NewUserExperienceTest#validateNewUserHomePageBeActiveTest</h3><table class="result"><tr><th>Exception</th></tr><tr><td><div class="stacktrace">org.openqa.selenium.NoSuchElementException: Unable to locate element: {&quot;method&quot;:&quot;xpath&quot;,&quot;selector&quot;:&quot;//*[@id=&apos;js-period-2014-05-01&apos;]/div/div[1]/div/div[3]/p/a/img&quot;}
Command duration or timeout: 29 milliseconds
For documentation on this error, please visit: http://seleniumhq.org/exceptions/no_such_element.html
Build info: version: &apos;2.40.0&apos;, revision: &apos;4c5c0568b004f67810ee41c459549aa4b09c651e&apos;, time: &apos;2014-02-19 11:13:01&apos;
System info: host: &apos;ower-PC&apos;, ip: &apos;192.168.56.1&apos;, os.name: &apos;Windows 7&apos;, os.arch: &apos;amd64&apos;, os.version: &apos;6.1&apos;, java.version: &apos;1.7.0_45&apos;
Session ID: 80841674-7ed4-4275-9272-22d91fc50f09
Driver info: org.openqa.selenium.firefox.FirefoxDriver
Capabilities [{platform=XP, acceptSslCerts=true, javascriptEnabled=true, cssSelectorsEnabled=true, databaseEnabled=true, browserName=firefox, handlesAlerts=true, browserConnectionEnabled=true, webStorageEnabled=true, nativeEvents=true, rotatable=false, locationContextEnabled=true, applicationCacheEnabled=true, takesScreenshot=true, version=27.0}]
	at org.openqa.selenium.remote.ErrorHandler.createThrowable(ErrorHandler.java:193)
	at org.openqa.selenium.remote.ErrorHandler.throwIfResponseFailed(ErrorHandler.java:145)
	at org.openqa.selenium.remote.RemoteWebDriver.execute(RemoteWebDriver.java:573)
	at org.openqa.selenium.remote.RemoteWebDriver.findElement(RemoteWebDriver.java:326)
	at org.openqa.selenium.remote.RemoteWebDriver.findElementByXPath(RemoteWebDriver.java:423)
	at org.openqa.selenium.By$ByXPath.findElement(By.java:357)
	at org.openqa.selenium.remote.RemoteWebDriver.findElement(RemoteWebDriver.java:318)
	at com.jiff.incentives.pages.HomePage.getBeActiveIncentivePayouts(HomePage.java:729)
	at com.jiff.newuserwithspouse.tests.NewUserExperienceTest.validateNewUserHomePageBeActiveTest(NewUserExperienceTest.java:70)
Caused by: org.openqa.selenium.remote.ErrorHandler$UnknownServerException: Unable to locate element: {&quot;method&quot;:&quot;xpath&quot;,&quot;selector&quot;:&quot;//*[@id=&apos;js-period-2014-05-01&apos;]/div/div[1]/div/div[3]/p/a/img&quot;}
Build info: version: &apos;2.40.0&apos;, revision: &apos;4c5c0568b004f67810ee41c459549aa4b09c651e&apos;, time: &apos;2014-02-19 11:13:01&apos;
System info: host: &apos;ower-PC&apos;, ip: &apos;192.168.56.1&apos;, os.name: &apos;Windows 7&apos;, os.arch: &apos;amd64&apos;, os.version: &apos;6.1&apos;, java.version: &apos;1.7.0_45&apos;
Driver info: driver.version: unknown
	at &lt;anonymous class&gt;.FirefoxDriver.prototype.findElementInternal_(file:///C:/Users/ower/AppData/Local/Temp/anonymous6017886861633315244webdriver-profile/extensions/fxdriver@googlecode.com/components/driver_component.js:8904)
	at &lt;anonymous class&gt;.FirefoxDriver.prototype.findElement(file:///C:/Users/ower/AppData/Local/Temp/anonymous6017886861633315244webdriver-profile/extensions/fxdriver@googlecode.com/components/driver_component.js:8913)
	at &lt;anonymous class&gt;.DelayedCommand.prototype.executeInternal_/h(file:///C:/Users/ower/AppData/Local/Temp/anonymous6017886861633315244webdriver-profile/extensions/fxdriver@googlecode.com/components/command_processor.js:10878)
	at &lt;anonymous class&gt;.DelayedCommand.prototype.executeInternal_(file:///C:/Users/ower/AppData/Local/Temp/anonymous6017886861633315244webdriver-profile/extensions/fxdriver@googlecode.com/components/command_processor.js:10883)
	at &lt;anonymous class&gt;.DelayedCommand.prototype.execute/&lt;(file:///C:/Users/ower/AppData/Local/Temp/anonymous6017886861633315244webdriver-profile/extensions/fxdriver@googlecode.com/components/command_processor.js:10825)
... Removed 28 stack frames</div></td></tr></table><p class="totop"><a href="#summary">back to summary</a></p><h3 id="m1">com.jiff.newuserwithspouse.tests.NewUserExperienceTest#validateNewUserHomePageFoodTrackTest</h3><table class="result"><tr><th>Exception</th></tr><tr><td><div class="stacktrace">java.lang.RuntimeException
	at com.jiff.incentives.pages.BasePage.isElementPresent(BasePage.java:72)
	at com.jiff.incentives.pages.NewUserHomePage.trackFoodChooseOne(NewUserHomePage.java:318)
	at com.jiff.incentives.pages.NewUserHomePage.trackFoodSkipForNow(NewUserHomePage.java:334)
	at com.jiff.newuserwithspouse.tests.NewUserExperienceTest.validateNewUserHomePageFoodTrackTest(NewUserExperienceTest.java:100)
... Removed 24 stack frames</div></td></tr></table><p class="totop"><a href="#summary">back to summary</a></p></body></html>