<?xml version="1.0" encoding="UTF-8"?>
<!-- Generated by org.testng.reporters.JUnitXMLReporter -->
<testsuite hostname="ower-PC" name="WithSpouse" tests="2" failures="2" timestamp="23 May 2014 13:44:45 GMT" time="19.866" errors="0">
  <testcase name="validateNewUserHomePageBeActiveTest" time="7.181" classname="com.jiff.newuserwithspouse.tests.NewUserExperienceTest">
    <failure type="org.openqa.selenium.NoSuchElementException" message="Unable to locate element: {&amp;quot;method&amp;quot;:&amp;quot;xpath&amp;quot;,&amp;quot;selector&amp;quot;:&amp;quot;//*[@id=&amp;apos;js-period-2014-05-01&amp;apos;]/div/div[1]/div/div[3]/p/a/img&amp;quot;}
Command duration or timeout: 29 milliseconds
For documentation on this error, please visit: http://seleniumhq.org/exceptions/no_such_element.html
Build info: version: &amp;apos;2.40.0&amp;apos;, revision: &amp;apos;4c5c0568b004f67810ee41c459549aa4b09c651e&amp;apos;, time: &amp;apos;2014-02-19 11:13:01&amp;apos;
System info: host: &amp;apos;ower-PC&amp;apos;, ip: &amp;apos;192.168.56.1&amp;apos;, os.name: &amp;apos;Windows 7&amp;apos;, os.arch: &amp;apos;amd64&amp;apos;, os.version: &amp;apos;6.1&amp;apos;, java.version: &amp;apos;1.7.0_45&amp;apos;
Session ID: 80841674-7ed4-4275-9272-22d91fc50f09
Driver info: org.openqa.selenium.firefox.FirefoxDriver
Capabilities [{platform=XP, acceptSslCerts=true, javascriptEnabled=true, cssSelectorsEnabled=true, databaseEnabled=true, browserName=firefox, handlesAlerts=true, browserConnectionEnabled=true, webStorageEnabled=true, nativeEvents=true, rotatable=false, locationContextEnabled=true, applicationCacheEnabled=true, takesScreenshot=true, version=27.0}]">
      <![CDATA[org.openqa.selenium.NoSuchElementException: Unable to locate element: {"method":"xpath","selector":"//*[@id='js-period-2014-05-01']/div/div[1]/div/div[3]/p/a/img"}
Command duration or timeout: 29 milliseconds
For documentation on this error, please visit: http://seleniumhq.org/exceptions/no_such_element.html
Build info: version: '2.40.0', revision: '4c5c0568b004f67810ee41c459549aa4b09c651e', time: '2014-02-19 11:13:01'
System info: host: 'ower-PC', ip: '192.168.56.1', os.name: 'Windows 7', os.arch: 'amd64', os.version: '6.1', java.version: '1.7.0_45'
Session ID: 80841674-7ed4-4275-9272-22d91fc50f09
Driver info: org.openqa.selenium.firefox.FirefoxDriver
Capabilities [{platform=XP, acceptSslCerts=true, javascriptEnabled=true, cssSelectorsEnabled=true, databaseEnabled=true, browserName=firefox, handlesAlerts=true, browserConnectionEnabled=true, webStorageEnabled=true, nativeEvents=true, rotatable=false, locationContextEnabled=true, applicationCacheEnabled=true, takesScreenshot=true, version=27.0}]
	at org.openqa.selenium.remote.ErrorHandler.createThrowable(ErrorHandler.java:193)
	at org.openqa.selenium.remote.ErrorHandler.throwIfResponseFailed(ErrorHandler.java:145)
	at org.openqa.selenium.remote.RemoteWebDriver.execute(RemoteWebDriver.java:573)
	at org.openqa.selenium.remote.RemoteWebDriver.findElement(RemoteWebDriver.java:326)
	at org.openqa.selenium.remote.RemoteWebDriver.findElementByXPath(RemoteWebDriver.java:423)
	at org.openqa.selenium.By$ByXPath.findElement(By.java:357)
	at org.openqa.selenium.remote.RemoteWebDriver.findElement(RemoteWebDriver.java:318)
	at com.jiff.incentives.pages.HomePage.getBeActiveIncentivePayouts(HomePage.java:729)
	at com.jiff.newuserwithspouse.tests.NewUserExperienceTest.validateNewUserHomePageBeActiveTest(NewUserExperienceTest.java:70)
Caused by: org.openqa.selenium.remote.ErrorHandler$UnknownServerException: Unable to locate element: {"method":"xpath","selector":"//*[@id='js-period-2014-05-01']/div/div[1]/div/div[3]/p/a/img"}
Build info: version: '2.40.0', revision: '4c5c0568b004f67810ee41c459549aa4b09c651e', time: '2014-02-19 11:13:01'
System info: host: 'ower-PC', ip: '192.168.56.1', os.name: 'Windows 7', os.arch: 'amd64', os.version: '6.1', java.version: '1.7.0_45'
Driver info: driver.version: unknown
	at <anonymous class>.FirefoxDriver.prototype.findElementInternal_(file:///C:/Users/ower/AppData/Local/Temp/anonymous6017886861633315244webdriver-profile/extensions/fxdriver@googlecode.com/components/driver_component.js:8904)
	at <anonymous class>.FirefoxDriver.prototype.findElement(file:///C:/Users/ower/AppData/Local/Temp/anonymous6017886861633315244webdriver-profile/extensions/fxdriver@googlecode.com/components/driver_component.js:8913)
	at <anonymous class>.DelayedCommand.prototype.executeInternal_/h(file:///C:/Users/ower/AppData/Local/Temp/anonymous6017886861633315244webdriver-profile/extensions/fxdriver@googlecode.com/components/command_processor.js:10878)
	at <anonymous class>.DelayedCommand.prototype.executeInternal_(file:///C:/Users/ower/AppData/Local/Temp/anonymous6017886861633315244webdriver-profile/extensions/fxdriver@googlecode.com/components/command_processor.js:10883)
	at <anonymous class>.DelayedCommand.prototype.execute/<(file:///C:/Users/ower/AppData/Local/Temp/anonymous6017886861633315244webdriver-profile/extensions/fxdriver@googlecode.com/components/command_processor.js:10825)
... Removed 28 stack frames]]>
    </failure>
  </testcase> <!-- validateNewUserHomePageBeActiveTest -->
  <testcase name="validateNewUserHomePageFoodTrackTest" time="0.022" classname="com.jiff.newuserwithspouse.tests.NewUserExperienceTest">
    <failure type="java.lang.RuntimeException">
      <![CDATA[java.lang.RuntimeException
	at com.jiff.incentives.pages.BasePage.isElementPresent(BasePage.java:72)
	at com.jiff.incentives.pages.NewUserHomePage.trackFoodChooseOne(NewUserHomePage.java:318)
	at com.jiff.incentives.pages.NewUserHomePage.trackFoodSkipForNow(NewUserHomePage.java:334)
	at com.jiff.newuserwithspouse.tests.NewUserExperienceTest.validateNewUserHomePageFoodTrackTest(NewUserExperienceTest.java:100)
... Removed 24 stack frames]]>
    </failure>
  </testcase> <!-- validateNewUserHomePageFoodTrackTest -->
</testsuite> <!-- WithSpouse -->
